/*C8*/SET SCHEMA PUBLIC
CONNECT USER SA
/*C9*/SET SCHEMA PUBLIC
CONNECT USER SA
/*C10*/SET SCHEMA PUBLIC
CONNECT USER SA
DISCONNECT
/*C9*/DISCONNECT
/*C8*/DISCONNECT
/*C11*/SET SCHEMA PUBLIC
CONNECT USER SA
DISCONNECT
/*C12*/SET SCHEMA PUBLIC
CONNECT USER SA
/*C13*/SET SCHEMA PUBLIC
CONNECT USER SA
DELETE FROM PART WHERE NUMBER='12345' AND NAME='Part6' AND DESCRIPTION='part number 6' AND STOCK=20
/*C14*/SET SCHEMA PUBLIC
CONNECT USER SA
/*C15*/SET SCHEMA PUBLIC
CONNECT USER SA
SET AUTOCOMMIT FALSE
DELETE FROM PART WHERE NUMBER='0003' AND NAME='Part3' AND DESCRIPTION='Part three in the database' AND STOCK=30
INSERT INTO PART VALUES('0003','Part3','Part three in the database',50)
SET AUTOCOMMIT TRUE
/*C16*/SET SCHEMA PUBLIC
CONNECT USER SA
/*C12*/DISCONNECT
/*C16*/DISCONNECT
/*C15*/DISCONNECT
/*C14*/DISCONNECT
/*C13*/DISCONNECT
/*C17*/SET SCHEMA PUBLIC
CONNECT USER SA
DISCONNECT
/*C18*/SET SCHEMA PUBLIC
CONNECT USER SA
DISCONNECT
/*C19*/SET SCHEMA PUBLIC
CONNECT USER SA
/*C20*/SET SCHEMA PUBLIC
CONNECT USER SA
SET AUTOCOMMIT FALSE
DELETE FROM PART WHERE NUMBER='0003' AND NAME='Part3' AND DESCRIPTION='Part three in the database' AND STOCK=50
INSERT INTO PART VALUES('0003','Part3','Part three in the database',65)
SET AUTOCOMMIT TRUE
/*C21*/SET SCHEMA PUBLIC
CONNECT USER SA
/*C22*/SET SCHEMA PUBLIC
CONNECT USER SA
/*C23*/SET SCHEMA PUBLIC
CONNECT USER SA
INSERT INTO PART VALUES('0004','test','test2',10005)
DISCONNECT
/*C24*/SET SCHEMA PUBLIC
CONNECT USER SA
/*C25*/SET SCHEMA PUBLIC
CONNECT USER SA
DELETE FROM PART WHERE NUMBER='0004' AND NAME='test' AND DESCRIPTION='test2' AND STOCK=10005
/*C26*/SET SCHEMA PUBLIC
CONNECT USER SA
DISCONNECT
/*C25*/DISCONNECT
/*C24*/DISCONNECT
/*C22*/DISCONNECT
/*C19*/DISCONNECT
/*C21*/DISCONNECT
/*C20*/DISCONNECT
